[Licensing::Module] Trying to connect to existing licensing client channel...
Built from '6000.3/staging' branch; Version is '6000.3.7f1 (696ec25a53d1) revision 6909634'; Using compiler version '194234433'; Build Type 'Release'
OS: 'Windows 11  (10.0.26200) Professional' Language: 'en' Physical Memory: 32633 MB
[Licensing::IpcConnector] Successfully connected to: "LicenseClient-Sergio" at "2026-02-08T19:27:54.545795Z"
BatchMode: 1, IsHumanControllingUs: 0, StartBugReporterOnCrash: 0, Is64bit: 1
System  architecture: x64
Process architecture: x64
Date: 2026-02-08T19:27:54Z

COMMAND LINE ARGUMENTS:
C:\Mireles\Software\Unity\6000.3.7f1\Editor\Unity.exe
-adb2
-batchMode
-noUpm
-name
AssetImportWorker0
-projectPath
C:/Mireles/Remote/HmoMan/Unity Project/Runner Project
-logFile
Logs/AssetImportWorker0.log
-srvPort
63965
-licensingIpc
LicenseClient-Sergio
-job-worker-count
7
-background-job-worker-count
8
-gc-helper-count
1
-name
AssetImport
Successfully changed project path to: C:/Mireles/Remote/HmoMan/Unity Project/Runner Project
C:/Mireles/Remote/HmoMan/Unity Project/Runner Project
[UnityMemory] Configuration Parameters - Can be set up in boot.config
    "memorysetup-temp-allocator-size-nav-mesh-worker=65536"
    "memorysetup-temp-allocator-size-audio-worker=65536"
    "memorysetup-temp-allocator-size-gfx=262144"
    "memorysetup-allocator-temp-initial-block-size-main=262144"
    "memorysetup-allocator-temp-initial-block-size-worker=262144"
    "memorysetup-temp-allocator-size-background-worker=32768"
    "memorysetup-temp-allocator-size-job-worker=262144"
    "memorysetup-temp-allocator-size-preload-manager=33554432"
    "memorysetup-temp-allocator-size-gi-baking-worker=262144"
    "memorysetup-temp-allocator-size-gi-baking-worker=262144"
    "memorysetup-temp-allocator-size-gi-baking-worker=262144"
    "memorysetup-temp-allocator-size-gi-baking-worker=262144"
    "memorysetup-temp-allocator-size-gi-baking-worker=262144"
    "memorysetup-bucket-allocator-granularity=16"
    "memorysetup-bucket-allocator-bucket-count=8"
    "memorysetup-bucket-allocator-block-size=33554432"
    "memorysetup-bucket-allocator-block-count=8"
    "memorysetup-main-allocator-block-size=16777216"
    "memorysetup-thread-allocator-block-size=16777216"
    "memorysetup-gfx-main-allocator-block-size=16777216"
    "memorysetup-gfx-thread-allocator-block-size=16777216"
    "memorysetup-cache-allocator-block-size=4194304"
    "memorysetup-typetree-allocator-block-size=2097152"
    "memorysetup-profiler-bucket-allocator-granularity=16"
    "memorysetup-profiler-bucket-allocator-bucket-count=8"
    "memorysetup-profiler-bucket-allocator-block-size=33554432"
    "memorysetup-profiler-bucket-allocator-block-count=8"
    "memorysetup-profiler-allocator-block-size=16777216"
    "memorysetup-profiler-editor-allocator-block-size=1048576"
    "memorysetup-temp-allocator-size-main=16777216"
    "memorysetup-job-temp-allocator-block-size=2097152"
    "memorysetup-job-temp-allocator-block-size-background=1048576"
    "memorysetup-job-temp-allocator-reduction-small-platforms=262144"
    "memorysetup-temp-allocator-size-cloud-worker=32768"
Player connection [16052]  Target information:

Player connection [16052]  * "[IP] 192.168.1.15 [Port] 0 [Flags] 2 [Guid] 1492935656 [EditorId] 1492935656 [Version] 1048832 [Id] WindowsEditor(7,SM-DESKTOP) [Debug] 1 [PackageName] WindowsEditor [ProjectName] Editor" 

Player connection [16052] Host joined multi-casting on [225.0.0.222:54997]...
Player connection [16052] Host joined alternative multi-casting on [225.0.0.222:34997]...
JobSystem: Creating JobQueue using job-worker-count value 7
Input System module state changed to: Initialized.
[Physics::Module] Initialized fallback backend.
[Physics::Module] Id: 0xdecafbad
Library Redirect Path: Library/
[Physics::Module] Selected backend.
[Physics::Module] Name: PhysX
[Physics::Module] Id: 0xf2b8ea05
[Physics::Module] SDK Version: 4.1.2
[Physics::Module] Integration Version: 1.0.0
[Physics::Module] Threading Mode: Multi-Threaded
[Licensing::Module] Licensing is not yet initialized.
[Licensing::Client] Handshaking with LicensingClient:
  Version:                 1.17.4+4293ba1
  Session Id:              f132d380c0124fadb1fb624d20e978bb
  Correlation Id:          d98f910a2c9e79f0f5a0cfe798418da4
  External correlation Id: 4225551889060002621
  Machine Id:              7aWIV9jeZVvMaiF+BHXYYa/VZEg=
[Licensing::Module] Successfully connected to LicensingClient on channel: "LicenseClient-Sergio" (connect: 0.00s, validation: 0.00s, handshake: 1.79s)
[Licensing::IpcConnector] Successfully connected to: "LicenseClient-Sergio-notifications" at "2026-02-08T19:27:56.3349683Z"
[Licensing::Module] Licensing Background thread has ended after 1.79s
[Licensing::Module] Licensing is initialized (took 1.58s).
[Licensing::Client] Successfully resolved entitlement details
[Licensing::Module] License group:
  Id: F4-WCTK-FX6V-KCA2-EPWD-XXXX
  Product: Unity Personal
  Type: ULF
  Expiration: Unlimited
[Licensing::Module] License group:
  Id: 315828-UnityPersXXXX
  Product: Unity Personal
  Type: Assigned
  Expiration: Unlimited
Refreshing native plugins compatible for Editor in 11.85 ms, found 4 plugins.
Preloading 0 native plugins for Editor in 0.00 ms.
Initialize engine version: 6000.3.7f1 (696ec25a53d1)
[Subsystems] Discovering subsystems at path C:/Mireles/Software/Unity/6000.3.7f1/Editor/Data/Resources/UnitySubsystems
[Subsystems] Discovering subsystems at path C:/Mireles/Remote/HmoMan/Unity Project/Runner Project/Assets
GfxDevice: creating device client; kGfxThreadingModeNonThreaded
Direct3D:
    Version:  Direct3D 11.0 [level 11.1]
    Renderer: NVIDIA GeForce RTX 4060 (ID=0x2882)
    Vendor:   NVIDIA
    VRAM:     7957 MB
    Driver:   32.0.15.9174
Initialize mono
Mono path[0] = 'C:/Mireles/Software/Unity/6000.3.7f1/Editor/Data/Managed'
Mono path[1] = 'C:/Mireles/Software/Unity/6000.3.7f1/Editor/Data/MonoBleedingEdge/lib/mono/unityjit-win32'
Mono config path = 'C:/Mireles/Software/Unity/6000.3.7f1/Editor/Data/MonoBleedingEdge/etc'
Using monoOptions --debugger-agent=transport=dt_socket,embedding=1,server=y,suspend=n,address=127.0.0.1:56604
Begin MonoManager ReloadAssembly
Registering precompiled unity dll's ...
Register platform support module: C:/Mireles/Software/Unity/6000.3.7f1/Editor/Data/PlaybackEngines/WindowsStandaloneSupport/UnityEditor.WindowsStandalone.Extensions.dll
Register platform support module: C:/Mireles/Software/Unity/6000.3.7f1/Editor/Data/PlaybackEngines/AndroidPlayer/UnityEditor.Android.Extensions.dll
[Licensing::Client] Successfully resolved entitlement details
[Licensing::Module] License group:
  Id: F4-WCTK-FX6V-KCA2-EPWD-XXXX
  Product: Unity Personal
  Type: ULF
  Expiration: Unlimited
[Licensing::Module] License group:
  Id: 315828-UnityPersXXXX
  Product: Unity Personal
  Type: Assigned
  Expiration: Unlimited
Register platform support module: C:/Mireles/Software/Unity/6000.3.7f1/Editor/Data/PlaybackEngines/iOSSupport/UnityEditor.iOS.Extensions.dll
Registered in 0.004619 seconds.
- Loaded All Assemblies, in  0.417 seconds
[usbmuxd] Start listen thread
[usbmuxd] Listen thread started
Native extension for iOS target not found
Native extension for Android target not found
Android Extension - Scanning For ADB Devices 208 ms
Native extension for WindowsStandalone target not found
ScheduleIndexationOnStartup MainProcess:False IndexOnStartup:True
Mono: successfully reloaded assembly
- Finished resetting the current domain, in  0.710 seconds
Domain Reload Profiling: 1125ms
	BeginReloadAssembly (130ms)
		ExecutionOrderSort (0ms)
		DisableScriptedObjects (0ms)
		BackupInstance (0ms)
		ReleaseScriptingObjects (0ms)
		CreateAndSetChildDomain (1ms)
	RebuildCommonClasses (36ms)
	RebuildNativeTypeToScriptingClass (11ms)
	initialDomainReloadingComplete (55ms)
	LoadAllAssembliesAndSetupDomain (182ms)
		LoadAssemblies (128ms)
		RebuildTransferFunctionScriptingTraits (0ms)
		AnalyzeDomain (177ms)
			TypeCache.Refresh (176ms)
				TypeCache.ScanAssembly (161ms)
			BuildScriptInfoCaches (0ms)
			ResolveRequiredComponents (1ms)
	FinalizeReload (710ms)
		ReleaseScriptCaches (0ms)
		RebuildScriptCaches (0ms)
		SetupLoadedEditorAssemblies (672ms)
			LogAssemblyErrors (0ms)
			InitializePlatformSupportModulesInManaged (306ms)
			SetLoadedEditorAssemblies (5ms)
			BeforeProcessingInitializeOnLoad (105ms)
			ProcessInitializeOnLoadAttributes (178ms)
			ProcessInitializeOnLoadMethodAttributes (78ms)
			AfterProcessingInitializeOnLoad (0ms)
			EditorAssembliesLoaded (0ms)
		ExecutionOrderSort2 (0ms)
		AwakeInstancesAfterBackupRestoration (0ms)
========================================================================
Worker process is ready to serve import requests
Import Worker Mode flag is 0x00
Begin MonoManager ReloadAssembly
[Licensing::Client] Successfully resolved entitlement details
[Licensing::Module] License group:
  Id: F4-WCTK-FX6V-KCA2-EPWD-XXXX
  Product: Unity Personal
  Type: ULF
  Expiration: Unlimited
[Licensing::Module] License group:
  Id: 315828-UnityPersXXXX
  Product: Unity Personal
  Type: Assigned
  Expiration: Unlimited
Symbol file LoadedFromMemory is not a mono symbol file
- Loaded All Assemblies, in  0.870 seconds
Refreshing native plugins compatible for Editor in 4.08 ms, found 4 plugins.
Native extension for iOS target not found
Native extension for Android target not found
Native extension for WindowsStandalone target not found
Package Manager log level set to [2]
[Package Manager] Failed to launch server process. Reason: Unity was launched with the -noUpm command-line argument
[Package Manager] Unable to send message (not connected to server process).
[Package Manager] Cannot connect to Unity Package Manager local server
ScheduleIndexationOnStartup MainProcess:False IndexOnStartup:True
Mono: successfully reloaded assembly
- Finished resetting the current domain, in  0.695 seconds
Domain Reload Profiling: 1561ms
	BeginReloadAssembly (211ms)
		ExecutionOrderSort (0ms)
		DisableScriptedObjects (9ms)
		BackupInstance (0ms)
		ReleaseScriptingObjects (0ms)
		CreateAndSetChildDomain (40ms)
	RebuildCommonClasses (40ms)
	RebuildNativeTypeToScriptingClass (14ms)
	initialDomainReloadingComplete (42ms)
	LoadAllAssembliesAndSetupDomain (559ms)
		LoadAssemblies (469ms)
		RebuildTransferFunctionScriptingTraits (0ms)
		AnalyzeDomain (199ms)
			TypeCache.Refresh (133ms)
				TypeCache.ScanAssembly (110ms)
			BuildScriptInfoCaches (54ms)
			ResolveRequiredComponents (8ms)
	FinalizeReload (696ms)
		ReleaseScriptCaches (0ms)
		RebuildScriptCaches (0ms)
		SetupLoadedEditorAssemblies (573ms)
			LogAssemblyErrors (0ms)
			InitializePlatformSupportModulesInManaged (13ms)
			SetLoadedEditorAssemblies (7ms)
			BeforeProcessingInitializeOnLoad (224ms)
			ProcessInitializeOnLoadAttributes (216ms)
			ProcessInitializeOnLoadMethodAttributes (106ms)
			AfterProcessingInitializeOnLoad (5ms)
			EditorAssembliesLoaded (0ms)
		ExecutionOrderSort2 (0ms)
		AwakeInstancesAfterBackupRestoration (6ms)
WARNING: Shader Unsupported: 'Hidden/Universal Render Pipeline/Terrain/Lit (Base Pass)' - All subshaders removed
WARNING: Shader Did you use #pragma only_renderers and omit this platform?
WARNING: Shader If subshaders removal was intentional, you may have forgotten turning Fallback off?
WARNING: Shader Unsupported: 'Hidden/Universal Render Pipeline/Terrain/Lit (Base Pass)' - All subshaders removed
WARNING: Shader Did you use #pragma only_renderers and omit this platform?
WARNING: Shader If subshaders removal was intentional, you may have forgotten turning Fallback off?
WARNING: Shader Unsupported: 'Universal Render Pipeline/Terrain/Lit' - All subshaders removed
WARNING: Shader Did you use #pragma only_renderers and omit this platform?
WARNING: Shader If subshaders removal was intentional, you may have forgotten turning Fallback off?
WARNING: Shader Unsupported: 'Universal Render Pipeline/Terrain/Lit' - All subshaders removed
WARNING: Shader Did you use #pragma only_renderers and omit this platform?
WARNING: Shader If subshaders removal was intentional, you may have forgotten turning Fallback off?
Launched and connected shader compiler UnityShaderCompiler.exe after 0.01 seconds
Refreshing native plugins compatible for Editor in 6.85 ms, found 4 plugins.
Preloading 0 native plugins for Editor in 0.00 ms.
Unloading 45 Unused Serialized files (Serialized files now loaded: 0)
Unloading 4654 unused Assets / (6.7 MB). Loaded Objects now: 5294.
Memory consumption went from 127.6 MB to 121.0 MB.
Total: 22.014000 ms (FindLiveObjects: 1.110300 ms CreateObjectMapping: 1.159800 ms MarkObjects: 14.356300 ms  DeleteObjects: 5.384500 ms)

========================================================================
Received Import Request.
  Time since last request: 407.612359 seconds.
  path: Assets/Third Parties/Gamestrap/UI/Graphics/Borders/Border 45cut sm.psd
  artifactKey: Guid(c6650e0d6495aea42802c5f7e6f3582f) Importer(2089858483,b0f066a214c2f5e87bad3c948f4d605d)
Start importing Assets/Third Parties/Gamestrap/UI/Graphics/Borders/Border 45cut sm.psd using Guid(c6650e0d6495aea42802c5f7e6f3582f) Importer(2089858483,b0f066a214c2f5e87bad3c948f4d605d) (ScriptedImporter) -> (artifact id: 'cf7039f075aa6c82fb256b5f4a335df0') in 0.2208528 seconds
Number of updated asset objects reloaded before import = 0Number of asset objects unloaded after import = 3

========================================================================
Received Import Request.
  Time since last request: 0.000034 seconds.
  path: Assets/Third Parties/Gamestrap/UI/Graphics/Fills/Fill Circlecut lg.psd
  artifactKey: Guid(f0ae6789f9d16db479e1aa093496f32a) Importer(2089858483,b0f066a214c2f5e87bad3c948f4d605d)
Start importing Assets/Third Parties/Gamestrap/UI/Graphics/Fills/Fill Circlecut lg.psd using Guid(f0ae6789f9d16db479e1aa093496f32a) Importer(2089858483,b0f066a214c2f5e87bad3c948f4d605d) (ScriptedImporter) -> (artifact id: '449d299dcc0fcb618b9fca1e8672e10b') in 0.0239422 seconds
Number of updated asset objects reloaded before import = 0Number of asset objects unloaded after import = 3

========================================================================
Received Import Request.
  Time since last request: 0.000027 seconds.
  path: Assets/Third Parties/Gamestrap/UI/Effects/RadialGradientEffect.cs
  artifactKey: Guid(1d77424581b5e094e92df32abd0f2f57) Importer(2089858483,b0f066a214c2f5e87bad3c948f4d605d)
Start importing Assets/Third Parties/Gamestrap/UI/Effects/RadialGradientEffect.cs using Guid(1d77424581b5e094e92df32abd0f2f57) Importer(2089858483,b0f066a214c2f5e87bad3c948f4d605d) (ScriptedImporter) -> (artifact id: 'fe719228e4e8b3518d2168e24f68232f') in 0.017838 seconds
Number of updated asset objects reloaded before import = 0Number of asset objects unloaded after import = 0

========================================================================
Received Import Request.
  Time since last request: 0.000046 seconds.
  path: Assets/Third Parties/Gamestrap/UI/Editor/UI/Button Selected.psd
  artifactKey: Guid(afb113d87863cd9479118c0023221829) Importer(2089858483,b0f066a214c2f5e87bad3c948f4d605d)
Start importing Assets/Third Parties/Gamestrap/UI/Editor/UI/Button Selected.psd using Guid(afb113d87863cd9479118c0023221829) Importer(2089858483,b0f066a214c2f5e87bad3c948f4d605d) (ScriptedImporter) -> (artifact id: 'e681d76d47dc600cd15c5fd9ff9226e2') in 0.0262146 seconds
Number of updated asset objects reloaded before import = 0Number of asset objects unloaded after import = 3

========================================================================
Received Import Request.
  Time since last request: 0.000019 seconds.
  path: Assets/Third Parties/Gamestrap/UI/Graphics/Fills/Fill Round sm.psd
  artifactKey: Guid(9b2ae7a44750d1d49b41d25d5a7624f3) Importer(2089858483,b0f066a214c2f5e87bad3c948f4d605d)
Start importing Assets/Third Parties/Gamestrap/UI/Graphics/Fills/Fill Round sm.psd using Guid(9b2ae7a44750d1d49b41d25d5a7624f3) Importer(2089858483,b0f066a214c2f5e87bad3c948f4d605d) (ScriptedImporter) -> (artifact id: 'e0cf6c28db36190893b9f4a32cce4b13') in 0.023756 seconds
Number of updated asset objects reloaded before import = 0Number of asset objects unloaded after import = 3

========================================================================
Received Import Request.
  Time since last request: 0.000025 seconds.
  path: Assets/Third Parties/Gamestrap/UI/Fonts/OpenSans/OpenSans-Regular.ttf
  artifactKey: Guid(9d73effd1aaa5b744baaa8c140c204f1) Importer(2089858483,b0f066a214c2f5e87bad3c948f4d605d)
Start importing Assets/Third Parties/Gamestrap/UI/Fonts/OpenSans/OpenSans-Regular.ttf using Guid(9d73effd1aaa5b744baaa8c140c204f1) Importer(2089858483,b0f066a214c2f5e87bad3c948f4d605d) (ScriptedImporter) -> (artifact id: '9311338dda40b09ff5013007fc7d77b6') in 0.0275174 seconds
Number of updated asset objects reloaded before import = 0Number of asset objects unloaded after import = 3

========================================================================
Received Import Request.
  Time since last request: 0.000021 seconds.
  path: Assets/Third Parties/Gamestrap/UI/Graphics/Fills/Fill 2-Slice Pointy sided.psd
  artifactKey: Guid(88844764ac023d6439dd4036bb478a3b) Importer(2089858483,b0f066a214c2f5e87bad3c948f4d605d)
Start importing Assets/Third Parties/Gamestrap/UI/Graphics/Fills/Fill 2-Slice Pointy sided.psd using Guid(88844764ac023d6439dd4036bb478a3b) Importer(2089858483,b0f066a214c2f5e87bad3c948f4d605d) (ScriptedImporter) -> (artifact id: '45130ed92d218e363eeb5051914a09af') in 0.0289917 seconds
Number of updated asset objects reloaded before import = 0Number of asset objects unloaded after import = 3

========================================================================
Received Import Request.
  Time since last request: 0.000019 seconds.
  path: Assets/Third Parties/Gamestrap/Editor
  artifactKey: Guid(1f89ba18182ea944cb63dc2a60e26784) Importer(2089858483,b0f066a214c2f5e87bad3c948f4d605d)
Start importing Assets/Third Parties/Gamestrap/Editor using Guid(1f89ba18182ea944cb63dc2a60e26784) Importer(2089858483,b0f066a214c2f5e87bad3c948f4d605d) (ScriptedImporter) -> (artifact id: '3ff146f25f3b0b97bc802850a0512e00') in 0.0154451 seconds
Number of updated asset objects reloaded before import = 0Number of asset objects unloaded after import = 1

========================================================================
Received Import Request.
  Time since last request: 0.000072 seconds.
  path: Assets/Third Parties/Gamestrap/UI/Graphics/Borders/Border Circlecut lg sided.psd
  artifactKey: Guid(c0f3ce1d53d22644e9638ca86fc2e46a) Importer(2089858483,b0f066a214c2f5e87bad3c948f4d605d)
Start importing Assets/Third Parties/Gamestrap/UI/Graphics/Borders/Border Circlecut lg sided.psd using Guid(c0f3ce1d53d22644e9638ca86fc2e46a) Importer(2089858483,b0f066a214c2f5e87bad3c948f4d605d) (ScriptedImporter) -> (artifact id: '00d73a7ce8244c516328723694bdda30') in 0.0245836 seconds
Number of updated asset objects reloaded before import = 0Number of asset objects unloaded after import = 3

========================================================================
Received Import Request.
  Time since last request: 0.000033 seconds.
  path: Assets/Third Parties/Gamestrap/UI/Graphics/Fills/Fill Squarecut lg.psd
  artifactKey: Guid(8e5e2aa66b6b481438f15f22bc96a954) Importer(2089858483,b0f066a214c2f5e87bad3c948f4d605d)
Start importing Assets/Third Parties/Gamestrap/UI/Graphics/Fills/Fill Squarecut lg.psd using Guid(8e5e2aa66b6b481438f15f22bc96a954) Importer(2089858483,b0f066a214c2f5e87bad3c948f4d605d) (ScriptedImporter) -> (artifact id: 'cac6d3b1cde1fa38b71980f58b5eece1') in 0.0272882 seconds
Number of updated asset objects reloaded before import = 0Number of asset objects unloaded after import = 3

========================================================================
Received Import Request.
  Time since last request: 0.000022 seconds.
  path: Assets/Third Parties/Gamestrap/UI/Editor/UI/Button Normal.psd
  artifactKey: Guid(c05e09837758e1d4fac290f228fbc567) Importer(2089858483,b0f066a214c2f5e87bad3c948f4d605d)
Start importing Assets/Third Parties/Gamestrap/UI/Editor/UI/Button Normal.psd using Guid(c05e09837758e1d4fac290f228fbc567) Importer(2089858483,b0f066a214c2f5e87bad3c948f4d605d) (ScriptedImporter) -> (artifact id: '46074cbbd7f54c471d3671b1006614e8') in 0.0276695 seconds
Number of updated asset objects reloaded before import = 0Number of asset objects unloaded after import = 3

========================================================================
Received Import Request.
  Time since last request: 0.000023 seconds.
  path: Assets/Third Parties/Gamestrap/UI/Graphics/Borders/Border Circledouble sm.psd
  artifactKey: Guid(b0687463dfef1434fb05b8aebf20288a) Importer(2089858483,b0f066a214c2f5e87bad3c948f4d605d)
Start importing Assets/Third Parties/Gamestrap/UI/Graphics/Borders/Border Circledouble sm.psd using Guid(b0687463dfef1434fb05b8aebf20288a) Importer(2089858483,b0f066a214c2f5e87bad3c948f4d605d) (ScriptedImporter) -> (artifact id: '394094fc0d49ade2696704005c0d7893') in 0.0247522 seconds
Number of updated asset objects reloaded before import = 0Number of asset objects unloaded after import = 3

========================================================================
Received Import Request.
  Time since last request: 0.000023 seconds.
  path: Assets/Third Parties/Gamestrap/UI/Graphics/Fills/Fill 2-Slice Half Round.psd
  artifactKey: Guid(3a46c417dde19c4409cb672a1c41a1ae) Importer(2089858483,b0f066a214c2f5e87bad3c948f4d605d)
Start importing Assets/Third Parties/Gamestrap/UI/Graphics/Fills/Fill 2-Slice Half Round.psd using Guid(3a46c417dde19c4409cb672a1c41a1ae) Importer(2089858483,b0f066a214c2f5e87bad3c948f4d605d) (ScriptedImporter) -> (artifact id: 'b61452e40febb247ae31912d810d8f9a') in 0.0393374 seconds
Number of updated asset objects reloaded before import = 0Number of asset objects unloaded after import = 3

========================================================================
Received Import Request.
  Time since last request: 0.000032 seconds.
  path: Assets/Third Parties/Gamestrap/UI/Graphics/Fills/Fill Circleout sm sided.psd
  artifactKey: Guid(a19d7f2dee2d03046bcd70fd50d12138) Importer(2089858483,b0f066a214c2f5e87bad3c948f4d605d)
Start importing Assets/Third Parties/Gamestrap/UI/Graphics/Fills/Fill Circleout sm sided.psd using Guid(a19d7f2dee2d03046bcd70fd50d12138) Importer(2089858483,b0f066a214c2f5e87bad3c948f4d605d) (ScriptedImporter) -> (artifact id: '84ed036314017d58ec5f54067430f321') in 0.0266995 seconds
Number of updated asset objects reloaded before import = 0Number of asset objects unloaded after import = 3

========================================================================
Received Import Request.
  Time since last request: 0.000020 seconds.
  path: Assets/Third Parties/Gamestrap/UI/Graphics
  artifactKey: Guid(78c759841ea4b0d4790bcd333d26535d) Importer(2089858483,b0f066a214c2f5e87bad3c948f4d605d)
Start importing Assets/Third Parties/Gamestrap/UI/Graphics using Guid(78c759841ea4b0d4790bcd333d26535d) Importer(2089858483,b0f066a214c2f5e87bad3c948f4d605d) (ScriptedImporter) -> (artifact id: '71324fa6aca775b4d95c3254c817354c') in 0.0118035 seconds
Number of updated asset objects reloaded before import = 0Number of asset objects unloaded after import = 1

========================================================================
Received Import Request.
  Time since last request: 0.000030 seconds.
  path: Assets/Third Parties/Gamestrap/UI/Graphics/Fills/Fill Squareout lg.psd
  artifactKey: Guid(1221fc434f05e4244ae2ae197ef4ed66) Importer(2089858483,b0f066a214c2f5e87bad3c948f4d605d)
Start importing Assets/Third Parties/Gamestrap/UI/Graphics/Fills/Fill Squareout lg.psd using Guid(1221fc434f05e4244ae2ae197ef4ed66) Importer(2089858483,b0f066a214c2f5e87bad3c948f4d605d) (ScriptedImporter) -> (artifact id: 'ce84f0119a9785e0caf706e739284be2') in 0.0236332 seconds
Number of updated asset objects reloaded before import = 0Number of asset objects unloaded after import = 3

========================================================================
Received Import Request.
  Time since last request: 0.000061 seconds.
  path: Assets/Third Parties/Gamestrap/UI/Fonts/OpenSans
  artifactKey: Guid(53c6bd0589e2c7e4bb1600a430d17b1d) Importer(2089858483,b0f066a214c2f5e87bad3c948f4d605d)
Start importing Assets/Third Parties/Gamestrap/UI/Fonts/OpenSans using Guid(53c6bd0589e2c7e4bb1600a430d17b1d) Importer(2089858483,b0f066a214c2f5e87bad3c948f4d605d) (ScriptedImporter) -> (artifact id: 'bbf9e45bbf42c43b4a03309f2327248a') in 0.0116291 seconds
Number of updated asset objects reloaded before import = 0Number of asset objects unloaded after import = 1

========================================================================
Received Import Request.
  Time since last request: 0.000022 seconds.
  path: Assets/Third Parties/Gamestrap/UI/Prefabs/InputField.prefab
  artifactKey: Guid(159c66bebbea1954fb89bd6af88da785) Importer(2089858483,b0f066a214c2f5e87bad3c948f4d605d)
Start importing Assets/Third Parties/Gamestrap/UI/Prefabs/InputField.prefab using Guid(159c66bebbea1954fb89bd6af88da785) Importer(2089858483,b0f066a214c2f5e87bad3c948f4d605d) (ScriptedImporter) -> (artifact id: '60b46ba826b95295998298f21992579d') in 0.0954037 seconds
Number of updated asset objects reloaded before import = 0Number of asset objects unloaded after import = 16

========================================================================
Received Import Request.
  Time since last request: 0.000017 seconds.
  path: Assets/Third Parties/Gamestrap/UI/Graphics/Fills/Fill Squarecut lg sided.psd
  artifactKey: Guid(e4946e2335448254b9009840123ecef2) Importer(2089858483,b0f066a214c2f5e87bad3c948f4d605d)
Start importing Assets/Third Parties/Gamestrap/UI/Graphics/Fills/Fill Squarecut lg sided.psd using Guid(e4946e2335448254b9009840123ecef2) Importer(2089858483,b0f066a214c2f5e87bad3c948f4d605d) (ScriptedImporter) -> (artifact id: '39878acfa2c6ed3947aa344d067ab6bf') in 0.0245904 seconds
Number of updated asset objects reloaded before import = 0Number of asset objects unloaded after import = 3

========================================================================
Received Import Request.
  Time since last request: 0.000019 seconds.
  path: Assets/Third Parties/Gamestrap/UI/Graphics/Fills/Fill Circleout lg.psd
  artifactKey: Guid(a1df806d174324844a92ea3e25548a08) Importer(2089858483,b0f066a214c2f5e87bad3c948f4d605d)
Start importing Assets/Third Parties/Gamestrap/UI/Graphics/Fills/Fill Circleout lg.psd using Guid(a1df806d174324844a92ea3e25548a08) Importer(2089858483,b0f066a214c2f5e87bad3c948f4d605d) (ScriptedImporter) -> (artifact id: 'f58f93a539a8718777f2e4b3e0901872') in 0.0240052 seconds
Number of updated asset objects reloaded before import = 0Number of asset objects unloaded after import = 3

========================================================================
Received Import Request.
  Time since last request: 0.000027 seconds.
  path: Assets/Third Parties/Gamestrap/UI/Graphics/Borders/Border 45cut lg sided.psd
  artifactKey: Guid(fcce502f169c3d64c8c483e5fad45b2f) Importer(2089858483,b0f066a214c2f5e87bad3c948f4d605d)
Start importing Assets/Third Parties/Gamestrap/UI/Graphics/Borders/Border 45cut lg sided.psd using Guid(fcce502f169c3d64c8c483e5fad45b2f) Importer(2089858483,b0f066a214c2f5e87bad3c948f4d605d) (ScriptedImporter) -> (artifact id: '9a3f6e611d99666f768cd877149e717e') in 0.0242558 seconds
Number of updated asset objects reloaded before import = 0Number of asset objects unloaded after import = 3

========================================================================
Received Import Request.
  Time since last request: 0.000029 seconds.
  path: Assets/Third Parties/Gamestrap/UI/Graphics/Borders/Border Round lg.psd
  artifactKey: Guid(9be76d87900d6f944837b7b0143faafe) Importer(2089858483,b0f066a214c2f5e87bad3c948f4d605d)
Start importing Assets/Third Parties/Gamestrap/UI/Graphics/Borders/Border Round lg.psd using Guid(9be76d87900d6f944837b7b0143faafe) Importer(2089858483,b0f066a214c2f5e87bad3c948f4d605d) (ScriptedImporter) -> (artifact id: '042cad5d9c2c979643b5a016df11486c') in 0.0278071 seconds
Number of updated asset objects reloaded before import = 0Number of asset objects unloaded after import = 3

========================================================================
Received Import Request.
  Time since last request: 0.000037 seconds.
  path: Assets/Third Parties/Gamestrap/UI/Graphics/Fills/Fill Squareout sm.psd
  artifactKey: Guid(01fd0dbd35846914c83a6b73c30730b8) Importer(2089858483,b0f066a214c2f5e87bad3c948f4d605d)
Start importing Assets/Third Parties/Gamestrap/UI/Graphics/Fills/Fill Squareout sm.psd using Guid(01fd0dbd35846914c83a6b73c30730b8) Importer(2089858483,b0f066a214c2f5e87bad3c948f4d605d) (ScriptedImporter) -> (artifact id: 'af7bce60b3382036b7ca9e681d59721e') in 0.0275731 seconds
Number of updated asset objects reloaded before import = 0Number of asset objects unloaded after import = 3

========================================================================
Received Import Request.
  Time since last request: 0.000027 seconds.
  path: Assets/Third Parties/Gamestrap/UI/Graphics/Fills/Fill Circlecut sm.psd
  artifactKey: Guid(92274ecc73c79854e967593848538411) Importer(2089858483,b0f066a214c2f5e87bad3c948f4d605d)
Start importing Assets/Third Parties/Gamestrap/UI/Graphics/Fills/Fill Circlecut sm.psd using Guid(92274ecc73c79854e967593848538411) Importer(2089858483,b0f066a214c2f5e87bad3c948f4d605d) (ScriptedImporter) -> (artifact id: '406534a6fcf81cd3aebdca84e024e946') in 0.0227177 seconds
Number of updated asset objects reloaded before import = 0Number of asset objects unloaded after import = 3

========================================================================
Received Import Request.
  Time since last request: 0.000016 seconds.
  path: Assets/Third Parties/Gamestrap/UI/Fonts/Lato/SIL Open Font License.txt
  artifactKey: Guid(204066881da23c947bbe84ead26c6cb3) Importer(2089858483,b0f066a214c2f5e87bad3c948f4d605d)
Start importing Assets/Third Parties/Gamestrap/UI/Fonts/Lato/SIL Open Font License.txt using Guid(204066881da23c947bbe84ead26c6cb3) Importer(2089858483,b0f066a214c2f5e87bad3c948f4d605d) (ScriptedImporter) -> (artifact id: '00c28feddf8b09747c198988f1a18183') in 0.0134625 seconds
Number of updated asset objects reloaded before import = 0Number of asset objects unloaded after import = 1

========================================================================
Received Import Request.
  Time since last request: 0.000017 seconds.
  path: Assets/Third Parties/Gamestrap/UI/Graphics/Borders/Border 2-Slice Round sided.psd
  artifactKey: Guid(8bf83e5cae8523f42aaad848c6750340) Importer(2089858483,b0f066a214c2f5e87bad3c948f4d605d)
Start importing Assets/Third Parties/Gamestrap/UI/Graphics/Borders/Border 2-Slice Round sided.psd using Guid(8bf83e5cae8523f42aaad848c6750340) Importer(2089858483,b0f066a214c2f5e87bad3c948f4d605d) (ScriptedImporter) -> (artifact id: '75c591cca00f0ea665e6972f2eaed20f') in 0.023566 seconds
Number of updated asset objects reloaded before import = 0Number of asset objects unloaded after import = 3

========================================================================
Received Import Request.
  Time since last request: 0.000019 seconds.
  path: Assets/Third Parties/Gamestrap/UI/Effects/ShadowEffect.cs
  artifactKey: Guid(22d48155db8e2dd489396c295fef29fa) Importer(2089858483,b0f066a214c2f5e87bad3c948f4d605d)
Start importing Assets/Third Parties/Gamestrap/UI/Effects/ShadowEffect.cs using Guid(22d48155db8e2dd489396c295fef29fa) Importer(2089858483,b0f066a214c2f5e87bad3c948f4d605d) (ScriptedImporter) -> (artifact id: '7a99326640db823f8778fe79d1c5072a') in 0.0155479 seconds
Number of updated asset objects reloaded before import = 0Number of asset objects unloaded after import = 0

========================================================================
Received Import Request.
  Time since last request: 0.000043 seconds.
  path: Assets/Third Parties/Gamestrap/UI/Graphics/Fills/Fill 45cut lg.psd
  artifactKey: Guid(93c8d024b3370744099465377c7b06dc) Importer(2089858483,b0f066a214c2f5e87bad3c948f4d605d)
Start importing Assets/Third Parties/Gamestrap/UI/Graphics/Fills/Fill 45cut lg.psd using Guid(93c8d024b3370744099465377c7b06dc) Importer(2089858483,b0f066a214c2f5e87bad3c948f4d605d) (ScriptedImporter) -> (artifact id: '519c3a3cd8586f35200a49d183674bc7') in 0.0264522 seconds
Number of updated asset objects reloaded before import = 0Number of asset objects unloaded after import = 3

========================================================================
Received Import Request.
  Time since last request: 0.000022 seconds.
  path: Assets/Third Parties/Gamestrap/UI/Editor/GamestrapUIPrefabs.cs
  artifactKey: Guid(6ae0b4fdd82c4b847b5e123077e49c8a) Importer(2089858483,b0f066a214c2f5e87bad3c948f4d605d)
Start importing Assets/Third Parties/Gamestrap/UI/Editor/GamestrapUIPrefabs.cs using Guid(6ae0b4fdd82c4b847b5e123077e49c8a) Importer(2089858483,b0f066a214c2f5e87bad3c948f4d605d) (ScriptedImporter) -> (artifact id: '12e6b195fb78d86b959ce5882a9346d6') in 0.0165916 seconds
Number of updated asset objects reloaded before import = 0Number of asset objects unloaded after import = 0

========================================================================
Received Import Request.
  Time since last request: 0.000070 seconds.
  path: Assets/Third Parties/Gamestrap/UI/Graphics/Borders/Border 2-Slice Roundcut.psd
  artifactKey: Guid(ced282904bd778d448a51ba967129765) Importer(2089858483,b0f066a214c2f5e87bad3c948f4d605d)
Start importing Assets/Third Parties/Gamestrap/UI/Graphics/Borders/Border 2-Slice Roundcut.psd using Guid(ced282904bd778d448a51ba967129765) Importer(2089858483,b0f066a214c2f5e87bad3c948f4d605d) (ScriptedImporter) -> (artifact id: '2c33414565aa38d059862a9aac98ee0b') in 0.0270498 seconds
Number of updated asset objects reloaded before import = 0Number of asset objects unloaded after import = 3

========================================================================
Received Import Request.
  Time since last request: 0.000022 seconds.
  path: Assets/Third Parties/Gamestrap/UI/Graphics/Fills/Fill 45cut sm.psd
  artifactKey: Guid(a8bf17666e0b49a45b97f3c4522392f8) Importer(2089858483,b0f066a214c2f5e87bad3c948f4d605d)
Start importing Assets/Third Parties/Gamestrap/UI/Graphics/Fills/Fill 45cut sm.psd using Guid(a8bf17666e0b49a45b97f3c4522392f8) Importer(2089858483,b0f066a214c2f5e87bad3c948f4d605d) (ScriptedImporter) -> (artifact id: '6efee7cffeb78cf0884698c5afd400cb') in 0.0266565 seconds
Number of updated asset objects reloaded before import = 0Number of asset objects unloaded after import = 3

========================================================================
Received Import Request.
  Time since last request: 0.000024 seconds.
  path: Assets/Third Parties/Gamestrap/UI/Fonts/Lato/Lato-Light.ttf
  artifactKey: Guid(94ea7c2c42102b8478e8f286c8147dee) Importer(2089858483,b0f066a214c2f5e87bad3c948f4d605d)
Start importing Assets/Third Parties/Gamestrap/UI/Fonts/Lato/Lato-Light.ttf using Guid(94ea7c2c42102b8478e8f286c8147dee) Importer(2089858483,b0f066a214c2f5e87bad3c948f4d605d) (ScriptedImporter) -> (artifact id: '34c8bd68abb6e1997bbcd934b5504828') in 0.0250618 seconds
Number of updated asset objects reloaded before import = 0Number of asset objects unloaded after import = 3

========================================================================
Received Import Request.
  Time since last request: 0.000031 seconds.
  path: Assets/Third Parties/Gamestrap/UI/Graphics/Borders/Border Squarecut sm.psd
  artifactKey: Guid(45f96034c8c2e2946a1ddea0b128fcd3) Importer(2089858483,b0f066a214c2f5e87bad3c948f4d605d)
Start importing Assets/Third Parties/Gamestrap/UI/Graphics/Borders/Border Squarecut sm.psd using Guid(45f96034c8c2e2946a1ddea0b128fcd3) Importer(2089858483,b0f066a214c2f5e87bad3c948f4d605d) (ScriptedImporter) -> (artifact id: '7bcca73799793589533ae6f6c6d17770') in 0.0329946 seconds
Number of updated asset objects reloaded before import = 0Number of asset objects unloaded after import = 3

========================================================================
Received Import Request.
  Time since last request: 0.000019 seconds.
  path: Assets/Third Parties/Gamestrap/UI/Graphics/Fills/Fill 2-Slice Diagonal.psd
  artifactKey: Guid(2203396930ad85847b23c60f81efaec4) Importer(2089858483,b0f066a214c2f5e87bad3c948f4d605d)
Start importing Assets/Third Parties/Gamestrap/UI/Graphics/Fills/Fill 2-Slice Diagonal.psd using Guid(2203396930ad85847b23c60f81efaec4) Importer(2089858483,b0f066a214c2f5e87bad3c948f4d605d) (ScriptedImporter) -> (artifact id: 'a353dc6f79b09c86758eb2a8bc9664a8') in 0.0235918 seconds
Number of updated asset objects reloaded before import = 0Number of asset objects unloaded after import = 3

========================================================================
Received Import Request.
  Time since last request: 0.000020 seconds.
  path: Assets/Third Parties/Gamestrap/UI/Graphics/Borders/Border Round lg sided.psd
  artifactKey: Guid(599dc4b36e5d49f46b7fa8c8ca46a55c) Importer(2089858483,b0f066a214c2f5e87bad3c948f4d605d)
Start importing Assets/Third Parties/Gamestrap/UI/Graphics/Borders/Border Round lg sided.psd using Guid(599dc4b36e5d49f46b7fa8c8ca46a55c) Importer(2089858483,b0f066a214c2f5e87bad3c948f4d605d) (ScriptedImporter) -> (artifact id: '68e29f0b3db3fc2934c179852cd8dccf') in 0.0260585 seconds
Number of updated asset objects reloaded before import = 0Number of asset objects unloaded after import = 3

Editor requested this worker to shutdown with reason: Scaling down because of idle timeout
AssetImportWorker is now disconnected from the server
Process exiting
Exiting without the bug reporter. Application will terminate with return code 0