[Licensing::Module] Trying to connect to existing licensing client channel...
Built from '6000.3/staging' branch; Version is '6000.3.7f1 (696ec25a53d1) revision 6909634'; Using compiler version '194234433'; Build Type 'Release'
OS: 'Windows 11  (10.0.26200) Professional' Language: 'en' Physical Memory: 32633 MB
[Licensing::IpcConnector] Successfully connected to: "LicenseClient-Sergio" at "2026-02-08T19:27:54.5356212Z"
BatchMode: 1, IsHumanControllingUs: 0, StartBugReporterOnCrash: 0, Is64bit: 1
System  architecture: x64
Process architecture: x64
Date: 2026-02-08T19:27:54Z

COMMAND LINE ARGUMENTS:
C:\Mireles\Software\Unity\6000.3.7f1\Editor\Unity.exe
-adb2
-batchMode
-noUpm
-name
AssetImportWorker3
-projectPath
C:/Mireles/Remote/HmoMan/Unity Project/Runner Project
-logFile
Logs/AssetImportWorker3.log
-srvPort
63965
-licensingIpc
LicenseClient-Sergio
-job-worker-count
7
-background-job-worker-count
8
-gc-helper-count
1
-name
AssetImport
Successfully changed project path to: C:/Mireles/Remote/HmoMan/Unity Project/Runner Project
C:/Mireles/Remote/HmoMan/Unity Project/Runner Project
[UnityMemory] Configuration Parameters - Can be set up in boot.config
    "memorysetup-temp-allocator-size-nav-mesh-worker=65536"
    "memorysetup-temp-allocator-size-audio-worker=65536"
    "memorysetup-temp-allocator-size-gfx=262144"
    "memorysetup-allocator-temp-initial-block-size-main=262144"
    "memorysetup-allocator-temp-initial-block-size-worker=262144"
    "memorysetup-temp-allocator-size-background-worker=32768"
    "memorysetup-temp-allocator-size-job-worker=262144"
    "memorysetup-temp-allocator-size-preload-manager=33554432"
    "memorysetup-temp-allocator-size-gi-baking-worker=262144"
    "memorysetup-temp-allocator-size-gi-baking-worker=262144"
    "memorysetup-temp-allocator-size-gi-baking-worker=262144"
    "memorysetup-temp-allocator-size-gi-baking-worker=262144"
    "memorysetup-temp-allocator-size-gi-baking-worker=262144"
    "memorysetup-bucket-allocator-granularity=16"
    "memorysetup-bucket-allocator-bucket-count=8"
    "memorysetup-bucket-allocator-block-size=33554432"
    "memorysetup-bucket-allocator-block-count=8"
    "memorysetup-main-allocator-block-size=16777216"
    "memorysetup-thread-allocator-block-size=16777216"
    "memorysetup-gfx-main-allocator-block-size=16777216"
    "memorysetup-gfx-thread-allocator-block-size=16777216"
    "memorysetup-cache-allocator-block-size=4194304"
    "memorysetup-typetree-allocator-block-size=2097152"
    "memorysetup-profiler-bucket-allocator-granularity=16"
    "memorysetup-profiler-bucket-allocator-bucket-count=8"
    "memorysetup-profiler-bucket-allocator-block-size=33554432"
    "memorysetup-profiler-bucket-allocator-block-count=8"
    "memorysetup-profiler-allocator-block-size=16777216"
    "memorysetup-profiler-editor-allocator-block-size=1048576"
    "memorysetup-temp-allocator-size-main=16777216"
    "memorysetup-job-temp-allocator-block-size=2097152"
    "memorysetup-job-temp-allocator-block-size-background=1048576"
    "memorysetup-job-temp-allocator-reduction-small-platforms=262144"
    "memorysetup-temp-allocator-size-cloud-worker=32768"
Player connection [8912]  Target information:

Player connection [8912]  * "[IP] 192.168.1.15 [Port] 0 [Flags] 2 [Guid] 2168568342 [EditorId] 2168568342 [Version] 1048832 [Id] WindowsEditor(7,SM-DESKTOP) [Debug] 1 [PackageName] WindowsEditor [ProjectName] Editor" 

Player connection [8912] Host joined multi-casting on [225.0.0.222:54997]...
Player connection [8912] Host joined alternative multi-casting on [225.0.0.222:34997]...
JobSystem: Creating JobQueue using job-worker-count value 7
Input System module state changed to: Initialized.
[Physics::Module] Initialized fallback backend.
[Physics::Module] Id: 0xdecafbad
Library Redirect Path: Library/
[Physics::Module] Selected backend.
[Physics::Module] Name: PhysX
[Physics::Module] Id: 0xf2b8ea05
[Physics::Module] SDK Version: 4.1.2
[Physics::Module] Integration Version: 1.0.0
[Physics::Module] Threading Mode: Multi-Threaded
[Licensing::Module] Licensing is not yet initialized.
[Licensing::Client] Handshaking with LicensingClient:
  Version:                 1.17.4+4293ba1
  Session Id:              f52c59324bec4e3eae428cafed4d1539
  Correlation Id:          d98f910a2c9e79f0f5a0cfe798418da4
  External correlation Id: 5310788014459740526
  Machine Id:              7aWIV9jeZVvMaiF+BHXYYa/VZEg=
[Licensing::Module] Successfully connected to LicensingClient on channel: "LicenseClient-Sergio" (connect: 0.00s, validation: 0.00s, handshake: 1.82s)
[Licensing::IpcConnector] Successfully connected to: "LicenseClient-Sergio-notifications" at "2026-02-08T19:27:56.3587026Z"
[Licensing::Module] Licensing Background thread has ended after 1.82s
[Licensing::Module] Licensing is initialized (took 1.61s).
[Licensing::Client] Successfully resolved entitlement details
[Licensing::Module] License group:
  Id: F4-WCTK-FX6V-KCA2-EPWD-XXXX
  Product: Unity Personal
  Type: ULF
  Expiration: Unlimited
[Licensing::Module] License group:
  Id: 315828-UnityPersXXXX
  Product: Unity Personal
  Type: Assigned
  Expiration: Unlimited
Refreshing native plugins compatible for Editor in 11.67 ms, found 4 plugins.
Preloading 0 native plugins for Editor in 0.00 ms.
Initialize engine version: 6000.3.7f1 (696ec25a53d1)
[Subsystems] Discovering subsystems at path C:/Mireles/Software/Unity/6000.3.7f1/Editor/Data/Resources/UnitySubsystems
[Subsystems] Discovering subsystems at path C:/Mireles/Remote/HmoMan/Unity Project/Runner Project/Assets
GfxDevice: creating device client; kGfxThreadingModeNonThreaded
Direct3D:
    Version:  Direct3D 11.0 [level 11.1]
    Renderer: NVIDIA GeForce RTX 4060 (ID=0x2882)
    Vendor:   NVIDIA
    VRAM:     7957 MB
    Driver:   32.0.15.9174
Initialize mono
Mono path[0] = 'C:/Mireles/Software/Unity/6000.3.7f1/Editor/Data/Managed'
Mono path[1] = 'C:/Mireles/Software/Unity/6000.3.7f1/Editor/Data/MonoBleedingEdge/lib/mono/unityjit-win32'
Mono config path = 'C:/Mireles/Software/Unity/6000.3.7f1/Editor/Data/MonoBleedingEdge/etc'
Using monoOptions --debugger-agent=transport=dt_socket,embedding=1,server=y,suspend=n,address=127.0.0.1:56560
Begin MonoManager ReloadAssembly
Registering precompiled unity dll's ...
Register platform support module: C:/Mireles/Software/Unity/6000.3.7f1/Editor/Data/PlaybackEngines/WindowsStandaloneSupport/UnityEditor.WindowsStandalone.Extensions.dll
Register platform support module: C:/Mireles/Software/Unity/6000.3.7f1/Editor/Data/PlaybackEngines/AndroidPlayer/UnityEditor.Android.Extensions.dll
[Licensing::Client] Successfully resolved entitlement details
[Licensing::Module] License group:
  Id: F4-WCTK-FX6V-KCA2-EPWD-XXXX
  Product: Unity Personal
  Type: ULF
  Expiration: Unlimited
[Licensing::Module] License group:
  Id: 315828-UnityPersXXXX
  Product: Unity Personal
  Type: Assigned
  Expiration: Unlimited
Register platform support module: C:/Mireles/Software/Unity/6000.3.7f1/Editor/Data/PlaybackEngines/iOSSupport/UnityEditor.iOS.Extensions.dll
Registered in 0.004555 seconds.
- Loaded All Assemblies, in  0.430 seconds
[usbmuxd] Start listen thread
[usbmuxd] Listen thread started
Native extension for iOS target not found
Native extension for Android target not found
Android Extension - Scanning For ADB Devices 239 ms
Native extension for WindowsStandalone target not found
ScheduleIndexationOnStartup MainProcess:False IndexOnStartup:True
Mono: successfully reloaded assembly
- Finished resetting the current domain, in  0.729 seconds
Domain Reload Profiling: 1156ms
	BeginReloadAssembly (130ms)
		ExecutionOrderSort (0ms)
		DisableScriptedObjects (0ms)
		BackupInstance (0ms)
		ReleaseScriptingObjects (0ms)
		CreateAndSetChildDomain (1ms)
	RebuildCommonClasses (36ms)
	RebuildNativeTypeToScriptingClass (12ms)
	initialDomainReloadingComplete (54ms)
	LoadAllAssembliesAndSetupDomain (196ms)
		LoadAssemblies (128ms)
		RebuildTransferFunctionScriptingTraits (0ms)
		AnalyzeDomain (192ms)
			TypeCache.Refresh (190ms)
				TypeCache.ScanAssembly (174ms)
			BuildScriptInfoCaches (0ms)
			ResolveRequiredComponents (1ms)
	FinalizeReload (729ms)
		ReleaseScriptCaches (0ms)
		RebuildScriptCaches (0ms)
		SetupLoadedEditorAssemblies (693ms)
			LogAssemblyErrors (0ms)
			InitializePlatformSupportModulesInManaged (341ms)
			SetLoadedEditorAssemblies (7ms)
			BeforeProcessingInitializeOnLoad (100ms)
			ProcessInitializeOnLoadAttributes (169ms)
			ProcessInitializeOnLoadMethodAttributes (76ms)
			AfterProcessingInitializeOnLoad (0ms)
			EditorAssembliesLoaded (0ms)
		ExecutionOrderSort2 (0ms)
		AwakeInstancesAfterBackupRestoration (0ms)
========================================================================
Worker process is ready to serve import requests
Import Worker Mode flag is 0x00
Begin MonoManager ReloadAssembly
[Licensing::Client] Successfully resolved entitlement details
[Licensing::Module] License group:
  Id: F4-WCTK-FX6V-KCA2-EPWD-XXXX
  Product: Unity Personal
  Type: ULF
  Expiration: Unlimited
[Licensing::Module] License group:
  Id: 315828-UnityPersXXXX
  Product: Unity Personal
  Type: Assigned
  Expiration: Unlimited
Symbol file LoadedFromMemory is not a mono symbol file
- Loaded All Assemblies, in  0.855 seconds
Refreshing native plugins compatible for Editor in 3.79 ms, found 4 plugins.
Native extension for iOS target not found
Native extension for Android target not found
Native extension for WindowsStandalone target not found
Package Manager log level set to [2]
[Package Manager] Failed to launch server process. Reason: Unity was launched with the -noUpm command-line argument
[Package Manager] Unable to send message (not connected to server process).
[Package Manager] Cannot connect to Unity Package Manager local server
ScheduleIndexationOnStartup MainProcess:False IndexOnStartup:True
Mono: successfully reloaded assembly
- Finished resetting the current domain, in  0.729 seconds
Domain Reload Profiling: 1581ms
	BeginReloadAssembly (206ms)
		ExecutionOrderSort (0ms)
		DisableScriptedObjects (7ms)
		BackupInstance (0ms)
		ReleaseScriptingObjects (0ms)
		CreateAndSetChildDomain (55ms)
	RebuildCommonClasses (40ms)
	RebuildNativeTypeToScriptingClass (11ms)
	initialDomainReloadingComplete (41ms)
	LoadAllAssembliesAndSetupDomain (552ms)
		LoadAssemblies (449ms)
		RebuildTransferFunctionScriptingTraits (0ms)
		AnalyzeDomain (202ms)
			TypeCache.Refresh (137ms)
				TypeCache.ScanAssembly (119ms)
			BuildScriptInfoCaches (53ms)
			ResolveRequiredComponents (9ms)
	FinalizeReload (730ms)
		ReleaseScriptCaches (0ms)
		RebuildScriptCaches (0ms)
		SetupLoadedEditorAssemblies (598ms)
			LogAssemblyErrors (0ms)
			InitializePlatformSupportModulesInManaged (14ms)
			SetLoadedEditorAssemblies (8ms)
			BeforeProcessingInitializeOnLoad (231ms)
			ProcessInitializeOnLoadAttributes (243ms)
			ProcessInitializeOnLoadMethodAttributes (97ms)
			AfterProcessingInitializeOnLoad (5ms)
			EditorAssembliesLoaded (0ms)
		ExecutionOrderSort2 (0ms)
		AwakeInstancesAfterBackupRestoration (6ms)
WARNING: Shader Unsupported: 'Hidden/Universal Render Pipeline/Terrain/Lit (Base Pass)' - All subshaders removed
WARNING: Shader Did you use #pragma only_renderers and omit this platform?
WARNING: Shader If subshaders removal was intentional, you may have forgotten turning Fallback off?
WARNING: Shader Unsupported: 'Hidden/Universal Render Pipeline/Terrain/Lit (Base Pass)' - All subshaders removed
WARNING: Shader Did you use #pragma only_renderers and omit this platform?
WARNING: Shader If subshaders removal was intentional, you may have forgotten turning Fallback off?
WARNING: Shader Unsupported: 'Universal Render Pipeline/Terrain/Lit' - All subshaders removed
WARNING: Shader Did you use #pragma only_renderers and omit this platform?
WARNING: Shader If subshaders removal was intentional, you may have forgotten turning Fallback off?
WARNING: Shader Unsupported: 'Universal Render Pipeline/Terrain/Lit' - All subshaders removed
WARNING: Shader Did you use #pragma only_renderers and omit this platform?
WARNING: Shader If subshaders removal was intentional, you may have forgotten turning Fallback off?
Launched and connected shader compiler UnityShaderCompiler.exe after 0.02 seconds
Refreshing native plugins compatible for Editor in 7.02 ms, found 4 plugins.
Preloading 0 native plugins for Editor in 0.00 ms.
Unloading 45 Unused Serialized files (Serialized files now loaded: 0)
Unloading 4654 unused Assets / (6.6 MB). Loaded Objects now: 5294.
Memory consumption went from 129.5 MB to 122.9 MB.
Total: 21.818700 ms (FindLiveObjects: 5.795800 ms CreateObjectMapping: 1.122000 ms MarkObjects: 10.703400 ms  DeleteObjects: 4.194900 ms)

========================================================================
Received Import Request.
  Time since last request: 407.694077 seconds.
  path: Assets/Third Parties/Gamestrap/UI/Effects/GamestrapEffect.cs
  artifactKey: Guid(c26093a906599284da0b691912991805) Importer(2089858483,b0f066a214c2f5e87bad3c948f4d605d)
Start importing Assets/Third Parties/Gamestrap/UI/Effects/GamestrapEffect.cs using Guid(c26093a906599284da0b691912991805) Importer(2089858483,b0f066a214c2f5e87bad3c948f4d605d) (ScriptedImporter) -> (artifact id: 'a10bd3cecac5b3cb1b64f9d281bac48e') in 0.1229057 seconds
Number of updated asset objects reloaded before import = 0Number of asset objects unloaded after import = 0

========================================================================
Received Import Request.
  Time since last request: 0.000022 seconds.
  path: Assets/Third Parties/Gamestrap/UI/Graphics/Borders/Border Squareout sm.psd
  artifactKey: Guid(4ae26f24e04dc8a4392f7cf180abee6d) Importer(2089858483,b0f066a214c2f5e87bad3c948f4d605d)
Start importing Assets/Third Parties/Gamestrap/UI/Graphics/Borders/Border Squareout sm.psd using Guid(4ae26f24e04dc8a4392f7cf180abee6d) Importer(2089858483,b0f066a214c2f5e87bad3c948f4d605d) (ScriptedImporter) -> (artifact id: '8724c12a7135fb88733a2c085f320fcf') in 0.0837375 seconds
Number of updated asset objects reloaded before import = 0Number of asset objects unloaded after import = 3

========================================================================
Received Import Request.
  Time since last request: 0.000023 seconds.
  path: Assets/Third Parties/Gamestrap/UI/Graphics/Fills/Fill Circledouble lg.psd
  artifactKey: Guid(3816bd46861f0994fbc41dec19c9b629) Importer(2089858483,b0f066a214c2f5e87bad3c948f4d605d)
Start importing Assets/Third Parties/Gamestrap/UI/Graphics/Fills/Fill Circledouble lg.psd using Guid(3816bd46861f0994fbc41dec19c9b629) Importer(2089858483,b0f066a214c2f5e87bad3c948f4d605d) (ScriptedImporter) -> (artifact id: 'dcb2ce473dc4ce9ce57451e0fb13fc21') in 0.0230822 seconds
Number of updated asset objects reloaded before import = 0Number of asset objects unloaded after import = 3

========================================================================
Received Import Request.
  Time since last request: 0.000036 seconds.
  path: Assets/Third Parties/Gamestrap/UI/Graphics/Borders/Border Dashed.psd
  artifactKey: Guid(784005c14ada0784da6f5fc89ec3a31c) Importer(2089858483,b0f066a214c2f5e87bad3c948f4d605d)
Start importing Assets/Third Parties/Gamestrap/UI/Graphics/Borders/Border Dashed.psd using Guid(784005c14ada0784da6f5fc89ec3a31c) Importer(2089858483,b0f066a214c2f5e87bad3c948f4d605d) (ScriptedImporter) -> (artifact id: 'b1b42e96c0addfd01c50b1217592eb8e') in 0.0268237 seconds
Number of updated asset objects reloaded before import = 0Number of asset objects unloaded after import = 3

========================================================================
Received Import Request.
  Time since last request: 0.000019 seconds.
  path: Assets/Third Parties/Gamestrap/UI/Prefabs/ButtonIcon.prefab
  artifactKey: Guid(55f259d5b573dd14395cb4cb46b51ac8) Importer(2089858483,b0f066a214c2f5e87bad3c948f4d605d)
Start importing Assets/Third Parties/Gamestrap/UI/Prefabs/ButtonIcon.prefab using Guid(55f259d5b573dd14395cb4cb46b51ac8) Importer(2089858483,b0f066a214c2f5e87bad3c948f4d605d) (ScriptedImporter) -> (artifact id: '27c2c3d30e411bbd4e0244fde351a25a') in 0.0830279 seconds
Number of updated asset objects reloaded before import = 0Number of asset objects unloaded after import = 12

========================================================================
Received Import Request.
  Time since last request: 0.000022 seconds.
  path: Assets/Third Parties/Gamestrap/UI/Fonts/Monospace/MonospaceOblique.ttf
  artifactKey: Guid(cebd0391d2340cc4eba5a64864aa8c68) Importer(2089858483,b0f066a214c2f5e87bad3c948f4d605d)
Start importing Assets/Third Parties/Gamestrap/UI/Fonts/Monospace/MonospaceOblique.ttf using Guid(cebd0391d2340cc4eba5a64864aa8c68) Importer(2089858483,b0f066a214c2f5e87bad3c948f4d605d) (ScriptedImporter) -> (artifact id: '60c7c8adbc1a01b246eef428c27d9e2b') in 0.0273257 seconds
Number of updated asset objects reloaded before import = 0Number of asset objects unloaded after import = 3

========================================================================
Received Import Request.
  Time since last request: 0.000020 seconds.
  path: Assets/Third Parties/Gamestrap/UI/Graphics/Borders/Border Squarecut sm sided.psd
  artifactKey: Guid(cd68188da8f0b3c43a485542f273b19b) Importer(2089858483,b0f066a214c2f5e87bad3c948f4d605d)
Start importing Assets/Third Parties/Gamestrap/UI/Graphics/Borders/Border Squarecut sm sided.psd using Guid(cd68188da8f0b3c43a485542f273b19b) Importer(2089858483,b0f066a214c2f5e87bad3c948f4d605d) (ScriptedImporter) -> (artifact id: '5717fec804f9d0305b8b6e47dac9c7cc') in 0.0262463 seconds
Number of updated asset objects reloaded before import = 0Number of asset objects unloaded after import = 3

========================================================================
Received Import Request.
  Time since last request: 0.000030 seconds.
  path: Assets/Third Parties/Gamestrap/UI/Prefabs/Button.prefab
  artifactKey: Guid(55a59286673fd774eb0e573fbd0d9a17) Importer(2089858483,b0f066a214c2f5e87bad3c948f4d605d)
Start importing Assets/Third Parties/Gamestrap/UI/Prefabs/Button.prefab using Guid(55a59286673fd774eb0e573fbd0d9a17) Importer(2089858483,b0f066a214c2f5e87bad3c948f4d605d) (ScriptedImporter) -> (artifact id: 'b9b6a615fe3a03a6894dfdde9f39d1b9') in 0.0292223 seconds
Number of updated asset objects reloaded before import = 0Number of asset objects unloaded after import = 12

========================================================================
Received Import Request.
  Time since last request: 0.000023 seconds.
  path: Assets/Third Parties/Gamestrap/UI/Graphics/Borders/Border Circledouble lg.psd
  artifactKey: Guid(19d53ade5519710438f3952ce2d210f1) Importer(2089858483,b0f066a214c2f5e87bad3c948f4d605d)
Start importing Assets/Third Parties/Gamestrap/UI/Graphics/Borders/Border Circledouble lg.psd using Guid(19d53ade5519710438f3952ce2d210f1) Importer(2089858483,b0f066a214c2f5e87bad3c948f4d605d) (ScriptedImporter) -> (artifact id: '9ce397312ca10d168d15583a6f728cbb') in 0.0242782 seconds
Number of updated asset objects reloaded before import = 0Number of asset objects unloaded after import = 3

========================================================================
Received Import Request.
  Time since last request: 0.000031 seconds.
  path: Assets/Third Parties/Gamestrap/UI/Graphics/Fills/Fill 45cut lg sided.psd
  artifactKey: Guid(0ea484b806189bb409b0f166664453ba) Importer(2089858483,b0f066a214c2f5e87bad3c948f4d605d)
Start importing Assets/Third Parties/Gamestrap/UI/Graphics/Fills/Fill 45cut lg sided.psd using Guid(0ea484b806189bb409b0f166664453ba) Importer(2089858483,b0f066a214c2f5e87bad3c948f4d605d) (ScriptedImporter) -> (artifact id: '1da3752628dfb425185ed5ec831a25b3') in 0.035517 seconds
Number of updated asset objects reloaded before import = 0Number of asset objects unloaded after import = 3

========================================================================
Received Import Request.
  Time since last request: 0.000031 seconds.
  path: Assets/Third Parties/Gamestrap/UI/Graphics/Borders
  artifactKey: Guid(779d3681b5549634bae5859152ef927e) Importer(2089858483,b0f066a214c2f5e87bad3c948f4d605d)
Start importing Assets/Third Parties/Gamestrap/UI/Graphics/Borders using Guid(779d3681b5549634bae5859152ef927e) Importer(2089858483,b0f066a214c2f5e87bad3c948f4d605d) (ScriptedImporter) -> (artifact id: '2b535bddc6c996eb5aa69a17ae276982') in 0.0136857 seconds
Number of updated asset objects reloaded before import = 0Number of asset objects unloaded after import = 1

========================================================================
Received Import Request.
  Time since last request: 0.000035 seconds.
  path: Assets/Third Parties/Gamestrap/UI/Graphics/Borders/Border Circlecut sm sided.psd
  artifactKey: Guid(018605c3f58c48444a3e49f01b4bd9c1) Importer(2089858483,b0f066a214c2f5e87bad3c948f4d605d)
Start importing Assets/Third Parties/Gamestrap/UI/Graphics/Borders/Border Circlecut sm sided.psd using Guid(018605c3f58c48444a3e49f01b4bd9c1) Importer(2089858483,b0f066a214c2f5e87bad3c948f4d605d) (ScriptedImporter) -> (artifact id: '10e7491b19cda5de6841fb9b4fa079ba') in 0.0227231 seconds
Number of updated asset objects reloaded before import = 0Number of asset objects unloaded after import = 3

========================================================================
Received Import Request.
  Time since last request: 0.000017 seconds.
  path: Assets/Third Parties/Gamestrap/UI/Prefabs/Scroll List.prefab
  artifactKey: Guid(e0bc86465f6d41547bae73b9dec5fbf9) Importer(2089858483,b0f066a214c2f5e87bad3c948f4d605d)
Start importing Assets/Third Parties/Gamestrap/UI/Prefabs/Scroll List.prefab using Guid(e0bc86465f6d41547bae73b9dec5fbf9) Importer(2089858483,b0f066a214c2f5e87bad3c948f4d605d) (ScriptedImporter) -> (artifact id: 'f6759f6a363bb3e77d8dccb9d5b73568') in 0.0371245 seconds
Number of updated asset objects reloaded before import = 0Number of asset objects unloaded after import = 24

========================================================================
Received Import Request.
  Time since last request: 0.000023 seconds.
  path: Assets/Third Parties/Gamestrap/UI/Prefabs/ToggleCheck.prefab
  artifactKey: Guid(96067063fe0c6514a82916d0a09af3a6) Importer(2089858483,b0f066a214c2f5e87bad3c948f4d605d)
Start importing Assets/Third Parties/Gamestrap/UI/Prefabs/ToggleCheck.prefab using Guid(96067063fe0c6514a82916d0a09af3a6) Importer(2089858483,b0f066a214c2f5e87bad3c948f4d605d) (ScriptedImporter) -> (artifact id: '6b336766aeaf3568b26b5b7a37d8898d') in 0.0353825 seconds
Number of updated asset objects reloaded before import = 0Number of asset objects unloaded after import = 18

========================================================================
Received Import Request.
  Time since last request: 0.000019 seconds.
  path: Assets/Third Parties/Gamestrap/UI/Editor/UI/Button Pressed.psd
  artifactKey: Guid(3b185f95cc497044ea626d9b4d904cf2) Importer(2089858483,b0f066a214c2f5e87bad3c948f4d605d)
Start importing Assets/Third Parties/Gamestrap/UI/Editor/UI/Button Pressed.psd using Guid(3b185f95cc497044ea626d9b4d904cf2) Importer(2089858483,b0f066a214c2f5e87bad3c948f4d605d) (ScriptedImporter) -> (artifact id: 'dc792b6e9e65237d712477b564e00c3d') in 0.0287036 seconds
Number of updated asset objects reloaded before import = 0Number of asset objects unloaded after import = 3

========================================================================
Received Import Request.
  Time since last request: 0.000022 seconds.
  path: Assets/Third Parties/Gamestrap/UI/Fonts/Lato/Lato-Regular.ttf
  artifactKey: Guid(cf77686251a15f142957bb317388133e) Importer(2089858483,b0f066a214c2f5e87bad3c948f4d605d)
Start importing Assets/Third Parties/Gamestrap/UI/Fonts/Lato/Lato-Regular.ttf using Guid(cf77686251a15f142957bb317388133e) Importer(2089858483,b0f066a214c2f5e87bad3c948f4d605d) (ScriptedImporter) -> (artifact id: '368c6c8b46f32aaf4b8ac303a2a3351a') in 0.0197827 seconds
Number of updated asset objects reloaded before import = 0Number of asset objects unloaded after import = 3

========================================================================
Received Import Request.
  Time since last request: 0.000033 seconds.
  path: Assets/Third Parties/Gamestrap/UI/Helper Scripts
  artifactKey: Guid(14b8431b58aa3304cbc22a85a8b9dc10) Importer(2089858483,b0f066a214c2f5e87bad3c948f4d605d)
Start importing Assets/Third Parties/Gamestrap/UI/Helper Scripts using Guid(14b8431b58aa3304cbc22a85a8b9dc10) Importer(2089858483,b0f066a214c2f5e87bad3c948f4d605d) (ScriptedImporter) -> (artifact id: '47a4492fd32dfe1e1909697c22147417') in 0.0142371 seconds
Number of updated asset objects reloaded before import = 0Number of asset objects unloaded after import = 1

========================================================================
Received Import Request.
  Time since last request: 0.000078 seconds.
  path: Assets/Third Parties/Gamestrap/Editor/EditorHelper.cs
  artifactKey: Guid(ce70aa2a47e87d34fbbc936f0629d482) Importer(2089858483,b0f066a214c2f5e87bad3c948f4d605d)
Start importing Assets/Third Parties/Gamestrap/Editor/EditorHelper.cs using Guid(ce70aa2a47e87d34fbbc936f0629d482) Importer(2089858483,b0f066a214c2f5e87bad3c948f4d605d) (ScriptedImporter) -> (artifact id: '0771fbd4f00ecb2988911820364e1041') in 0.0159958 seconds
Number of updated asset objects reloaded before import = 0Number of asset objects unloaded after import = 0

========================================================================
Received Import Request.
  Time since last request: 0.000073 seconds.
  path: Assets/Third Parties/Gamestrap/UI/Graphics/Borders/Border Circlecut sm.psd
  artifactKey: Guid(ff0d5bfaf0bed3647b5c0a860ccb4955) Importer(2089858483,b0f066a214c2f5e87bad3c948f4d605d)
Start importing Assets/Third Parties/Gamestrap/UI/Graphics/Borders/Border Circlecut sm.psd using Guid(ff0d5bfaf0bed3647b5c0a860ccb4955) Importer(2089858483,b0f066a214c2f5e87bad3c948f4d605d) (ScriptedImporter) -> (artifact id: '6d2a8df13d33c6e9aeab512a16c9a9dd') in 0.0248372 seconds
Number of updated asset objects reloaded before import = 0Number of asset objects unloaded after import = 3

========================================================================
Received Import Request.
  Time since last request: 0.000020 seconds.
  path: Assets/Third Parties/Gamestrap/UI/Fonts/Slant/SLANT.TTF
  artifactKey: Guid(b4f029de2b42cb840a772ba51eb3eb19) Importer(2089858483,b0f066a214c2f5e87bad3c948f4d605d)
Start importing Assets/Third Parties/Gamestrap/UI/Fonts/Slant/SLANT.TTF using Guid(b4f029de2b42cb840a772ba51eb3eb19) Importer(2089858483,b0f066a214c2f5e87bad3c948f4d605d) (ScriptedImporter) -> (artifact id: '210bc65bc000a0eefbaec8698eb85a28') in 0.0169614 seconds
Number of updated asset objects reloaded before import = 0Number of asset objects unloaded after import = 3

========================================================================
Received Import Request.
  Time since last request: 0.000020 seconds.
  path: Assets/Third Parties/Gamestrap/UI/Fonts/Monospace/Monospace.ttf
  artifactKey: Guid(8815ac079a0f5d844a51c099fe4aeff2) Importer(2089858483,b0f066a214c2f5e87bad3c948f4d605d)
Start importing Assets/Third Parties/Gamestrap/UI/Fonts/Monospace/Monospace.ttf using Guid(8815ac079a0f5d844a51c099fe4aeff2) Importer(2089858483,b0f066a214c2f5e87bad3c948f4d605d) (ScriptedImporter) -> (artifact id: '70c5336b7b6aae83574a1acaf3ffa6d7') in 0.0184335 seconds
Number of updated asset objects reloaded before import = 0Number of asset objects unloaded after import = 3

========================================================================
Received Import Request.
  Time since last request: 0.000026 seconds.
  path: Assets/Third Parties/Gamestrap/UI/Graphics/Borders/Border 2-Slice Diagonal.psd
  artifactKey: Guid(8027b48ed00ec5844b38dc25b4eaee31) Importer(2089858483,b0f066a214c2f5e87bad3c948f4d605d)
Start importing Assets/Third Parties/Gamestrap/UI/Graphics/Borders/Border 2-Slice Diagonal.psd using Guid(8027b48ed00ec5844b38dc25b4eaee31) Importer(2089858483,b0f066a214c2f5e87bad3c948f4d605d) (ScriptedImporter) -> (artifact id: 'fef0a6d308b62814aed3dab9343af79f') in 0.0248433 seconds
Number of updated asset objects reloaded before import = 0Number of asset objects unloaded after import = 3

========================================================================
Received Import Request.
  Time since last request: 0.000021 seconds.
  path: Assets/Third Parties/Gamestrap/UI/Helper Scripts/Theme
  artifactKey: Guid(c62f8b5abfda6d44e94ce1cbc1cb48e9) Importer(2089858483,b0f066a214c2f5e87bad3c948f4d605d)
Start importing Assets/Third Parties/Gamestrap/UI/Helper Scripts/Theme using Guid(c62f8b5abfda6d44e94ce1cbc1cb48e9) Importer(2089858483,b0f066a214c2f5e87bad3c948f4d605d) (ScriptedImporter) -> (artifact id: '62a04c5bd4c20ac5b510d4c6ceb0b6e1') in 0.0128928 seconds
Number of updated asset objects reloaded before import = 0Number of asset objects unloaded after import = 1

========================================================================
Received Import Request.
  Time since last request: 0.000027 seconds.
  path: Assets/Third Parties/Gamestrap/UI/Editor/GamestrapUI.cs
  artifactKey: Guid(9a24075df44b562428188c6748d7b578) Importer(2089858483,b0f066a214c2f5e87bad3c948f4d605d)
Start importing Assets/Third Parties/Gamestrap/UI/Editor/GamestrapUI.cs using Guid(9a24075df44b562428188c6748d7b578) Importer(2089858483,b0f066a214c2f5e87bad3c948f4d605d) (ScriptedImporter) -> (artifact id: 'ce0dbeed8a66463306bb875d11fe99dd') in 0.0136098 seconds
Number of updated asset objects reloaded before import = 0Number of asset objects unloaded after import = 0

========================================================================
Received Import Request.
  Time since last request: 0.000212 seconds.
  path: Assets/Third Parties/Gamestrap/UI/Graphics/Borders/Border Square.psd
  artifactKey: Guid(a7667b5eee8e57147aaa71311d36a077) Importer(2089858483,b0f066a214c2f5e87bad3c948f4d605d)
Start importing Assets/Third Parties/Gamestrap/UI/Graphics/Borders/Border Square.psd using Guid(a7667b5eee8e57147aaa71311d36a077) Importer(2089858483,b0f066a214c2f5e87bad3c948f4d605d) (ScriptedImporter) -> (artifact id: 'd3c12cd01ab9993e648b66f12ca9d900') in 0.0218799 seconds
Number of updated asset objects reloaded before import = 0Number of asset objects unloaded after import = 3

========================================================================
Received Import Request.
  Time since last request: 0.000023 seconds.
  path: Assets/Third Parties/Gamestrap/UI/Editor/GamestrapUIHelper.cs
  artifactKey: Guid(d34f4c042b92e884d9ae4e172834261b) Importer(2089858483,b0f066a214c2f5e87bad3c948f4d605d)
Start importing Assets/Third Parties/Gamestrap/UI/Editor/GamestrapUIHelper.cs using Guid(d34f4c042b92e884d9ae4e172834261b) Importer(2089858483,b0f066a214c2f5e87bad3c948f4d605d) (ScriptedImporter) -> (artifact id: 'b8dd88b9e5b4cd8e496167aea711f7b5') in 0.0141865 seconds
Number of updated asset objects reloaded before import = 0Number of asset objects unloaded after import = 0

========================================================================
Received Import Request.
  Time since last request: 0.000052 seconds.
  path: Assets/Third Parties/Gamestrap/UI/Effects/GradientEffect.cs
  artifactKey: Guid(1713bbef98d16444fa4240d61fcf0c5a) Importer(2089858483,b0f066a214c2f5e87bad3c948f4d605d)
Start importing Assets/Third Parties/Gamestrap/UI/Effects/GradientEffect.cs using Guid(1713bbef98d16444fa4240d61fcf0c5a) Importer(2089858483,b0f066a214c2f5e87bad3c948f4d605d) (ScriptedImporter) -> (artifact id: '842bc1715c96f7e2e57050a0ad2cf7c8') in 0.0155071 seconds
Number of updated asset objects reloaded before import = 0Number of asset objects unloaded after import = 0

========================================================================
Received Import Request.
  Time since last request: 0.000029 seconds.
  path: Assets/Third Parties/Gamestrap/UI/Graphics/Borders/Border 2-Slice Pointy sided.psd
  artifactKey: Guid(396673f31a59c7742a69f12f00e1ab5b) Importer(2089858483,b0f066a214c2f5e87bad3c948f4d605d)
Start importing Assets/Third Parties/Gamestrap/UI/Graphics/Borders/Border 2-Slice Pointy sided.psd using Guid(396673f31a59c7742a69f12f00e1ab5b) Importer(2089858483,b0f066a214c2f5e87bad3c948f4d605d) (ScriptedImporter) -> (artifact id: 'cdbc9f0f1ce7fa204f288555c71e3fb6') in 0.023539 seconds
Number of updated asset objects reloaded before import = 0Number of asset objects unloaded after import = 3

========================================================================
Received Import Request.
  Time since last request: 0.000020 seconds.
  path: Assets/Third Parties/Gamestrap/UI/Helper Scripts/ThemeButton.cs
  artifactKey: Guid(bd251c77aebf01f45b6de38c4db3f856) Importer(2089858483,b0f066a214c2f5e87bad3c948f4d605d)
Start importing Assets/Third Parties/Gamestrap/UI/Helper Scripts/ThemeButton.cs using Guid(bd251c77aebf01f45b6de38c4db3f856) Importer(2089858483,b0f066a214c2f5e87bad3c948f4d605d) (ScriptedImporter) -> (artifact id: '1c813f304f1165380bce412a45d34d0e') in 0.015274 seconds
Number of updated asset objects reloaded before import = 0Number of asset objects unloaded after import = 0

========================================================================
Received Import Request.
  Time since last request: 0.000088 seconds.
  path: Assets/Third Parties/Gamestrap/UI
  artifactKey: Guid(9cc6754a592f2fe4c9cdca23919a0911) Importer(2089858483,b0f066a214c2f5e87bad3c948f4d605d)
Start importing Assets/Third Parties/Gamestrap/UI using Guid(9cc6754a592f2fe4c9cdca23919a0911) Importer(2089858483,b0f066a214c2f5e87bad3c948f4d605d) (ScriptedImporter) -> (artifact id: 'd5e7c1e7af424cf803e9841c7b5bd50b') in 0.0133469 seconds
Number of updated asset objects reloaded before import = 0Number of asset objects unloaded after import = 1

========================================================================
Received Import Request.
  Time since last request: 0.000034 seconds.
  path: Assets/Third Parties/Gamestrap/UI/Prefabs/SliderToggle.prefab
  artifactKey: Guid(5b05f705416ff9c4f95d5325f1c6926c) Importer(2089858483,b0f066a214c2f5e87bad3c948f4d605d)
Start importing Assets/Third Parties/Gamestrap/UI/Prefabs/SliderToggle.prefab using Guid(5b05f705416ff9c4f95d5325f1c6926c) Importer(2089858483,b0f066a214c2f5e87bad3c948f4d605d) (ScriptedImporter) -> (artifact id: 'b102ea2d224393d943113708e317a366') in 0.0319034 seconds
Number of updated asset objects reloaded before import = 0Number of asset objects unloaded after import = 32

========================================================================
Received Import Request.
  Time since last request: 0.000026 seconds.
  path: Assets/Third Parties/Gamestrap/UI/Graphics/Borders/Border Circledouble lg sided.psd
  artifactKey: Guid(494cbba8577f1684a94ccee3a6826ac3) Importer(2089858483,b0f066a214c2f5e87bad3c948f4d605d)
Start importing Assets/Third Parties/Gamestrap/UI/Graphics/Borders/Border Circledouble lg sided.psd using Guid(494cbba8577f1684a94ccee3a6826ac3) Importer(2089858483,b0f066a214c2f5e87bad3c948f4d605d) (ScriptedImporter) -> (artifact id: 'bde3d1066a7006161e9e0a28542ffda3') in 0.0240228 seconds
Number of updated asset objects reloaded before import = 0Number of asset objects unloaded after import = 3

========================================================================
Received Import Request.
  Time since last request: 0.000019 seconds.
  path: Assets/Third Parties/Gamestrap/UI/Graphics/Borders/Border 2-Slice Round.psd
  artifactKey: Guid(bbd40b444aec6234fa5c5d19b3d99e54) Importer(2089858483,b0f066a214c2f5e87bad3c948f4d605d)
Start importing Assets/Third Parties/Gamestrap/UI/Graphics/Borders/Border 2-Slice Round.psd using Guid(bbd40b444aec6234fa5c5d19b3d99e54) Importer(2089858483,b0f066a214c2f5e87bad3c948f4d605d) (ScriptedImporter) -> (artifact id: 'be21f7d6b94ce1b3cf3d0a77468df6be') in 0.0332399 seconds
Number of updated asset objects reloaded before import = 0Number of asset objects unloaded after import = 3

========================================================================
Received Import Request.
  Time since last request: 0.000035 seconds.
  path: Assets/Third Parties/Gamestrap/UI/Graphics/Borders/Border Round sm.psd
  artifactKey: Guid(64fd17930f5cd684aa28020f760f1a18) Importer(2089858483,b0f066a214c2f5e87bad3c948f4d605d)
Start importing Assets/Third Parties/Gamestrap/UI/Graphics/Borders/Border Round sm.psd using Guid(64fd17930f5cd684aa28020f760f1a18) Importer(2089858483,b0f066a214c2f5e87bad3c948f4d605d) (ScriptedImporter) -> (artifact id: '7cdcdc9e5024702e98cecd3772e72ffa') in 0.0267777 seconds
Number of updated asset objects reloaded before import = 0Number of asset objects unloaded after import = 3

========================================================================
Received Import Request.
  Time since last request: 0.000036 seconds.
  path: Assets/Third Parties/Gamestrap/UI/Helper Scripts/Theme/GamestrapTheme.cs
  artifactKey: Guid(c5c7b1bc6b229db43a8f98bd0e9669da) Importer(2089858483,b0f066a214c2f5e87bad3c948f4d605d)
Start importing Assets/Third Parties/Gamestrap/UI/Helper Scripts/Theme/GamestrapTheme.cs using Guid(c5c7b1bc6b229db43a8f98bd0e9669da) Importer(2089858483,b0f066a214c2f5e87bad3c948f4d605d) (ScriptedImporter) -> (artifact id: 'ed8266165c460e3d82f77de434897129') in 0.0180314 seconds
Number of updated asset objects reloaded before import = 0Number of asset objects unloaded after import = 0

Editor requested this worker to shutdown with reason: Scaling down because of idle timeout
AssetImportWorker is now disconnected from the server
Process exiting
Exiting without the bug reporter. Application will terminate with return code 0