
=== Sun Feb  8 10:09:27 2026

Packages were changed.
Update Mode: updateDependencies

The following packages were added:
  com.unity.modules.adaptiveperformance@1.0.0
  com.unity.modules.vectorgraphics@1.0.0
  com.unity.ai.navigation@2.0.9
  com.unity.modules.accessibility@1.0.0
  com.unity.multiplayer.center@1.0.1
The following packages were updated:
  com.unity.ads from version 3.6.1 to 4.16.4
  com.unity.analytics from version 3.5.3 to 3.8.2
  com.unity.collab-proxy from version 1.3.9 to 2.11.3
  com.unity.ide.rider from version 2.0.7 to 3.0.39
  com.unity.ide.visualstudio from version 2.0.7 to 2.0.26
  com.unity.postprocessing from version 3.0.3 to 3.5.1
  com.unity.purchasing from version 2.2.2 to 4.14.2
  com.unity.test-framework from version 1.1.24 to 1.6.0
  com.unity.timeline from version 1.4.6 to 1.8.10
  com.unity.ugui from version 1.0.0 to 2.0.0
  com.unity.xr.legacyinputhelpers from version 2.1.7 to 2.1.13
The following packages were removed:
  com.unity.textmeshpro@3.0.4
